  Snake.cpp
C:\Users\salar\Documents\VisualBasicC++\ConsoleApplications\Snake\Snake\Snake.cpp(17,177): warning C4101:  'yaxis10': unreferenced local variable
C:\Users\salar\Documents\VisualBasicC++\ConsoleApplications\Snake\Snake\Snake.cpp(17,139): warning C4101:  'yaxis8': unreferenced local variable
C:\Users\salar\Documents\VisualBasicC++\ConsoleApplications\Snake\Snake\Snake.cpp(16,128): warning C4101:  'xaxis7old': unreferenced local variable
C:\Users\salar\Documents\VisualBasicC++\ConsoleApplications\Snake\Snake\Snake.cpp(16,82): warning C4101:  'xaxis5': unreferenced local variable
C:\Users\salar\Documents\VisualBasicC++\ConsoleApplications\Snake\Snake\Snake.cpp(17,207): warning C4101:  'yaxis11old': unreferenced local variable
C:\Users\salar\Documents\VisualBasicC++\ConsoleApplications\Snake\Snake\Snake.cpp(16,228): warning C4101:  'xaxis12old': unreferenced local variable
C:\Users\salar\Documents\VisualBasicC++\ConsoleApplications\Snake\Snake\Snake.cpp(16,101): warning C4101:  'xaxis6': unreferenced local variable
C:\Users\salar\Documents\VisualBasicC++\ConsoleApplications\Snake\Snake\Snake.cpp(17,228): warning C4101:  'yaxis12old': unreferenced local variable
C:\Users\salar\Documents\VisualBasicC++\ConsoleApplications\Snake\Snake\Snake.cpp(17,147): warning C4101:  'yaxis8old': unreferenced local variable
C:\Users\salar\Documents\VisualBasicC++\ConsoleApplications\Snake\Snake\Snake.cpp(17,120): warning C4101:  'yaxis7': unreferenced local variable
C:\Users\salar\Documents\VisualBasicC++\ConsoleApplications\Snake\Snake\Snake.cpp(17,90): warning C4101:  'yaxis5old': unreferenced local variable
C:\Users\salar\Documents\VisualBasicC++\ConsoleApplications\Snake\Snake\Snake.cpp(17,82): warning C4101:  'yaxis5': unreferenced local variable
C:\Users\salar\Documents\VisualBasicC++\ConsoleApplications\Snake\Snake\Snake.cpp(16,139): warning C4101:  'xaxis8': unreferenced local variable
C:\Users\salar\Documents\VisualBasicC++\ConsoleApplications\Snake\Snake\Snake.cpp(17,198): warning C4101:  'yaxis11': unreferenced local variable
C:\Users\salar\Documents\VisualBasicC++\ConsoleApplications\Snake\Snake\Snake.cpp(17,186): warning C4101:  'yaxis10old': unreferenced local variable
C:\Users\salar\Documents\VisualBasicC++\ConsoleApplications\Snake\Snake\Snake.cpp(17,166): warning C4101:  'yaxis9old': unreferenced local variable
C:\Users\salar\Documents\VisualBasicC++\ConsoleApplications\Snake\Snake\Snake.cpp(17,71): warning C4101:  'yaxis4old': unreferenced local variable
C:\Users\salar\Documents\VisualBasicC++\ConsoleApplications\Snake\Snake\Snake.cpp(16,166): warning C4101:  'xaxis9old': unreferenced local variable
C:\Users\salar\Documents\VisualBasicC++\ConsoleApplications\Snake\Snake\Snake.cpp(17,219): warning C4101:  'yaxis12': unreferenced local variable
C:\Users\salar\Documents\VisualBasicC++\ConsoleApplications\Snake\Snake\Snake.cpp(16,120): warning C4101:  'xaxis7': unreferenced local variable
C:\Users\salar\Documents\VisualBasicC++\ConsoleApplications\Snake\Snake\Snake.cpp(16,109): warning C4101:  'xaxis6old': unreferenced local variable
C:\Users\salar\Documents\VisualBasicC++\ConsoleApplications\Snake\Snake\Snake.cpp(17,128): warning C4101:  'yaxis7old': unreferenced local variable
C:\Users\salar\Documents\VisualBasicC++\ConsoleApplications\Snake\Snake\Snake.cpp(17,101): warning C4101:  'yaxis6': unreferenced local variable
C:\Users\salar\Documents\VisualBasicC++\ConsoleApplications\Snake\Snake\Snake.cpp(16,219): warning C4101:  'xaxis12': unreferenced local variable
C:\Users\salar\Documents\VisualBasicC++\ConsoleApplications\Snake\Snake\Snake.cpp(16,198): warning C4101:  'xaxis11': unreferenced local variable
C:\Users\salar\Documents\VisualBasicC++\ConsoleApplications\Snake\Snake\Snake.cpp(16,177): warning C4101:  'xaxis10': unreferenced local variable
C:\Users\salar\Documents\VisualBasicC++\ConsoleApplications\Snake\Snake\Snake.cpp(42,7): warning C4101:  'lastmove': unreferenced local variable
C:\Users\salar\Documents\VisualBasicC++\ConsoleApplications\Snake\Snake\Snake.cpp(17,158): warning C4101:  'yaxis9': unreferenced local variable
C:\Users\salar\Documents\VisualBasicC++\ConsoleApplications\Snake\Snake\Snake.cpp(16,186): warning C4101:  'xaxis10old': unreferenced local variable
C:\Users\salar\Documents\VisualBasicC++\ConsoleApplications\Snake\Snake\Snake.cpp(16,147): warning C4101:  'xaxis8old': unreferenced local variable
C:\Users\salar\Documents\VisualBasicC++\ConsoleApplications\Snake\Snake\Snake.cpp(16,71): warning C4101:  'xaxis4old': unreferenced local variable
C:\Users\salar\Documents\VisualBasicC++\ConsoleApplications\Snake\Snake\Snake.cpp(17,109): warning C4101:  'yaxis6old': unreferenced local variable
C:\Users\salar\Documents\VisualBasicC++\ConsoleApplications\Snake\Snake\Snake.cpp(16,90): warning C4101:  'xaxis5old': unreferenced local variable
C:\Users\salar\Documents\VisualBasicC++\ConsoleApplications\Snake\Snake\Snake.cpp(16,207): warning C4101:  'xaxis11old': unreferenced local variable
C:\Users\salar\Documents\VisualBasicC++\ConsoleApplications\Snake\Snake\Snake.cpp(16,158): warning C4101:  'xaxis9': unreferenced local variable
  Snake.vcxproj -> C:\Users\salar\Documents\VisualBasicC++\ConsoleApplications\Snake\Debug\Snake.exe
